<?xml version="1.0" encoding="UTF-8"?>
<testsuite xmlns:xsi="http://www.w3.org/2001/XMLSchema-instance" xsi:noNamespaceSchemaLocation="https://maven.apache.org/surefire/maven-surefire-plugin/xsd/surefire-test-report.xsd" name="com.example.myproject.SampleTest" time="0.876" tests="1" errors="0" skipped="0" failures="0">
  <properties>
    <property name="sun.desktop" value="windows"/>
    <property name="awt.toolkit" value="sun.awt.windows.WToolkit"/>
    <property name="file.encoding.pkg" value="sun.io"/>
    <property name="java.specification.version" value="1.8"/>
    <property name="sun.cpu.isalist" value="amd64"/>
    <property name="sun.jnu.encoding" value="GBK"/>
    <property name="java.class.path" value="F:\gitProject\MY_PROJECT\target\test-classes;F:\gitProject\MY_PROJECT\target\classes;F:\repository\org\springframework\boot\spring-boot-starter-web\2.6.1\spring-boot-starter-web-2.6.1.jar;F:\repository\org\springframework\boot\spring-boot-starter\2.6.1\spring-boot-starter-2.6.1.jar;F:\repository\org\springframework\boot\spring-boot\2.6.1\spring-boot-2.6.1.jar;F:\repository\org\springframework\boot\spring-boot-starter-logging\2.6.1\spring-boot-starter-logging-2.6.1.jar;F:\repository\ch\qos\logback\logback-classic\1.2.7\logback-classic-1.2.7.jar;F:\repository\ch\qos\logback\logback-core\1.2.7\logback-core-1.2.7.jar;F:\repository\org\apache\logging\log4j\log4j-to-slf4j\2.14.1\log4j-to-slf4j-2.14.1.jar;F:\repository\org\apache\logging\log4j\log4j-api\2.14.1\log4j-api-2.14.1.jar;F:\repository\org\slf4j\jul-to-slf4j\1.7.32\jul-to-slf4j-1.7.32.jar;F:\repository\jakarta\annotation\jakarta.annotation-api\1.3.5\jakarta.annotation-api-1.3.5.jar;F:\repository\org\yaml\snakeyaml\1.29\snakeyaml-1.29.jar;F:\repository\org\springframework\boot\spring-boot-starter-json\2.6.1\spring-boot-starter-json-2.6.1.jar;F:\repository\com\fasterxml\jackson\core\jackson-databind\2.13.0\jackson-databind-2.13.0.jar;F:\repository\com\fasterxml\jackson\core\jackson-annotations\2.13.0\jackson-annotations-2.13.0.jar;F:\repository\com\fasterxml\jackson\core\jackson-core\2.13.0\jackson-core-2.13.0.jar;F:\repository\com\fasterxml\jackson\datatype\jackson-datatype-jdk8\2.13.0\jackson-datatype-jdk8-2.13.0.jar;F:\repository\com\fasterxml\jackson\datatype\jackson-datatype-jsr310\2.13.0\jackson-datatype-jsr310-2.13.0.jar;F:\repository\com\fasterxml\jackson\module\jackson-module-parameter-names\2.13.0\jackson-module-parameter-names-2.13.0.jar;F:\repository\org\springframework\boot\spring-boot-starter-tomcat\2.6.1\spring-boot-starter-tomcat-2.6.1.jar;F:\repository\org\apache\tomcat\embed\tomcat-embed-core\9.0.55\tomcat-embed-core-9.0.55.jar;F:\repository\org\apache\tomcat\embed\tomcat-embed-el\9.0.55\tomcat-embed-el-9.0.55.jar;F:\repository\org\apache\tomcat\embed\tomcat-embed-websocket\9.0.55\tomcat-embed-websocket-9.0.55.jar;F:\repository\org\springframework\spring-web\5.3.13\spring-web-5.3.13.jar;F:\repository\org\springframework\spring-beans\5.3.13\spring-beans-5.3.13.jar;F:\repository\org\springframework\spring-webmvc\5.3.13\spring-webmvc-5.3.13.jar;F:\repository\org\springframework\spring-aop\5.3.13\spring-aop-5.3.13.jar;F:\repository\org\springframework\spring-context\5.3.13\spring-context-5.3.13.jar;F:\repository\org\springframework\spring-expression\5.3.13\spring-expression-5.3.13.jar;F:\repository\org\projectlombok\lombok\1.18.22\lombok-1.18.22.jar;F:\repository\org\springframework\boot\spring-boot-starter-test\2.6.1\spring-boot-starter-test-2.6.1.jar;F:\repository\org\springframework\boot\spring-boot-test\2.6.1\spring-boot-test-2.6.1.jar;F:\repository\org\springframework\boot\spring-boot-test-autoconfigure\2.6.1\spring-boot-test-autoconfigure-2.6.1.jar;F:\repository\com\jayway\jsonpath\json-path\2.6.0\json-path-2.6.0.jar;F:\repository\net\minidev\json-smart\2.4.7\json-smart-2.4.7.jar;F:\repository\net\minidev\accessors-smart\2.4.7\accessors-smart-2.4.7.jar;F:\repository\org\ow2\asm\asm\9.1\asm-9.1.jar;F:\repository\org\slf4j\slf4j-api\1.7.32\slf4j-api-1.7.32.jar;F:\repository\jakarta\xml\bind\jakarta.xml.bind-api\2.3.3\jakarta.xml.bind-api-2.3.3.jar;F:\repository\jakarta\activation\jakarta.activation-api\1.2.2\jakarta.activation-api-1.2.2.jar;F:\repository\org\assertj\assertj-core\3.21.0\assertj-core-3.21.0.jar;F:\repository\org\hamcrest\hamcrest\2.2\hamcrest-2.2.jar;F:\repository\org\junit\jupiter\junit-jupiter\5.8.1\junit-jupiter-5.8.1.jar;F:\repository\org\junit\jupiter\junit-jupiter-api\5.8.1\junit-jupiter-api-5.8.1.jar;F:\repository\org\opentest4j\opentest4j\1.2.0\opentest4j-1.2.0.jar;F:\repository\org\junit\platform\junit-platform-commons\1.8.1\junit-platform-commons-1.8.1.jar;F:\repository\org\apiguardian\apiguardian-api\1.1.2\apiguardian-api-1.1.2.jar;F:\repository\org\junit\jupiter\junit-jupiter-params\5.8.1\junit-jupiter-params-5.8.1.jar;F:\repository\org\junit\jupiter\junit-jupiter-engine\5.8.1\junit-jupiter-engine-5.8.1.jar;F:\repository\org\junit\platform\junit-platform-engine\1.8.1\junit-platform-engine-1.8.1.jar;F:\repository\org\mockito\mockito-core\4.0.0\mockito-core-4.0.0.jar;F:\repository\net\bytebuddy\byte-buddy\1.11.22\byte-buddy-1.11.22.jar;F:\repository\net\bytebuddy\byte-buddy-agent\1.11.22\byte-buddy-agent-1.11.22.jar;F:\repository\org\objenesis\objenesis\3.2\objenesis-3.2.jar;F:\repository\org\mockito\mockito-junit-jupiter\4.0.0\mockito-junit-jupiter-4.0.0.jar;F:\repository\org\skyscreamer\jsonassert\1.5.0\jsonassert-1.5.0.jar;F:\repository\com\vaadin\external\google\android-json\0.0.20131108.vaadin1\android-json-0.0.20131108.vaadin1.jar;F:\repository\org\springframework\spring-core\5.3.13\spring-core-5.3.13.jar;F:\repository\org\springframework\spring-jcl\5.3.13\spring-jcl-5.3.13.jar;F:\repository\org\springframework\spring-test\5.3.13\spring-test-5.3.13.jar;F:\repository\org\xmlunit\xmlunit-core\2.8.3\xmlunit-core-2.8.3.jar;F:\repository\org\springframework\boot\spring-boot-starter-redis\1.3.1.RELEASE\spring-boot-starter-redis-1.3.1.RELEASE.jar;F:\repository\org\springframework\data\spring-data-redis\2.6.0\spring-data-redis-2.6.0.jar;F:\repository\org\springframework\data\spring-data-keyvalue\2.6.0\spring-data-keyvalue-2.6.0.jar;F:\repository\org\springframework\data\spring-data-commons\2.6.0\spring-data-commons-2.6.0.jar;F:\repository\org\springframework\spring-tx\5.3.13\spring-tx-5.3.13.jar;F:\repository\org\springframework\spring-oxm\5.3.13\spring-oxm-5.3.13.jar;F:\repository\org\springframework\spring-context-support\5.3.13\spring-context-support-5.3.13.jar;F:\repository\redis\clients\jedis\3.7.0\jedis-3.7.0.jar;F:\repository\org\apache\commons\commons-pool2\2.11.1\commons-pool2-2.11.1.jar;F:\repository\mysql\mysql-connector-java\5.1.46\mysql-connector-java-5.1.46.jar;F:\repository\com\baomidou\mybatis-plus-boot-starter\3.4.2\mybatis-plus-boot-starter-3.4.2.jar;F:\repository\com\baomidou\mybatis-plus\3.4.2\mybatis-plus-3.4.2.jar;F:\repository\com\baomidou\mybatis-plus-extension\3.4.2\mybatis-plus-extension-3.4.2.jar;F:\repository\com\baomidou\mybatis-plus-core\3.4.2\mybatis-plus-core-3.4.2.jar;F:\repository\com\baomidou\mybatis-plus-annotation\3.4.2\mybatis-plus-annotation-3.4.2.jar;F:\repository\com\github\jsqlparser\jsqlparser\4.0\jsqlparser-4.0.jar;F:\repository\org\mybatis\mybatis\3.5.6\mybatis-3.5.6.jar;F:\repository\org\mybatis\mybatis-spring\2.0.5\mybatis-spring-2.0.5.jar;F:\repository\org\springframework\boot\spring-boot-autoconfigure\2.6.1\spring-boot-autoconfigure-2.6.1.jar;F:\repository\org\springframework\boot\spring-boot-starter-jdbc\2.6.1\spring-boot-starter-jdbc-2.6.1.jar;F:\repository\com\zaxxer\HikariCP\4.0.3\HikariCP-4.0.3.jar;F:\repository\org\springframework\spring-jdbc\5.3.13\spring-jdbc-5.3.13.jar;F:\repository\junit\junit\4.13.2\junit-4.13.2.jar;F:\repository\org\hamcrest\hamcrest-core\2.2\hamcrest-core-2.2.jar;"/>
    <property name="java.vm.vendor" value="Oracle Corporation"/>
    <property name="sun.arch.data.model" value="64"/>
    <property name="user.variant" value=""/>
    <property name="java.vendor.url" value="http://java.oracle.com/"/>
    <property name="user.timezone" value="Asia/Shanghai"/>
    <property name="java.vm.specification.version" value="1.8"/>
    <property name="os.name" value="Windows 10"/>
    <property name="user.country" value="CN"/>
    <property name="sun.java.launcher" value="SUN_STANDARD"/>
    <property name="sun.boot.library.path" value="C:\Program Files\Java\jdk1.8.0_131\jre\bin"/>
    <property name="sun.java.command" value="C:\Users\1\AppData\Local\Temp\surefire1703089334227072896\surefirebooter4191976461821173031.jar C:\Users\1\AppData\Local\Temp\surefire1703089334227072896 2021-12-13T15-58-48_504-jvmRun1 surefire4957165124175402827tmp surefire_08262622723459360740tmp"/>
    <property name="surefire.test.class.path" value="F:\gitProject\MY_PROJECT\target\test-classes;F:\gitProject\MY_PROJECT\target\classes;F:\repository\org\springframework\boot\spring-boot-starter-web\2.6.1\spring-boot-starter-web-2.6.1.jar;F:\repository\org\springframework\boot\spring-boot-starter\2.6.1\spring-boot-starter-2.6.1.jar;F:\repository\org\springframework\boot\spring-boot\2.6.1\spring-boot-2.6.1.jar;F:\repository\org\springframework\boot\spring-boot-starter-logging\2.6.1\spring-boot-starter-logging-2.6.1.jar;F:\repository\ch\qos\logback\logback-classic\1.2.7\logback-classic-1.2.7.jar;F:\repository\ch\qos\logback\logback-core\1.2.7\logback-core-1.2.7.jar;F:\repository\org\apache\logging\log4j\log4j-to-slf4j\2.14.1\log4j-to-slf4j-2.14.1.jar;F:\repository\org\apache\logging\log4j\log4j-api\2.14.1\log4j-api-2.14.1.jar;F:\repository\org\slf4j\jul-to-slf4j\1.7.32\jul-to-slf4j-1.7.32.jar;F:\repository\jakarta\annotation\jakarta.annotation-api\1.3.5\jakarta.annotation-api-1.3.5.jar;F:\repository\org\yaml\snakeyaml\1.29\snakeyaml-1.29.jar;F:\repository\org\springframework\boot\spring-boot-starter-json\2.6.1\spring-boot-starter-json-2.6.1.jar;F:\repository\com\fasterxml\jackson\core\jackson-databind\2.13.0\jackson-databind-2.13.0.jar;F:\repository\com\fasterxml\jackson\core\jackson-annotations\2.13.0\jackson-annotations-2.13.0.jar;F:\repository\com\fasterxml\jackson\core\jackson-core\2.13.0\jackson-core-2.13.0.jar;F:\repository\com\fasterxml\jackson\datatype\jackson-datatype-jdk8\2.13.0\jackson-datatype-jdk8-2.13.0.jar;F:\repository\com\fasterxml\jackson\datatype\jackson-datatype-jsr310\2.13.0\jackson-datatype-jsr310-2.13.0.jar;F:\repository\com\fasterxml\jackson\module\jackson-module-parameter-names\2.13.0\jackson-module-parameter-names-2.13.0.jar;F:\repository\org\springframework\boot\spring-boot-starter-tomcat\2.6.1\spring-boot-starter-tomcat-2.6.1.jar;F:\repository\org\apache\tomcat\embed\tomcat-embed-core\9.0.55\tomcat-embed-core-9.0.55.jar;F:\repository\org\apache\tomcat\embed\tomcat-embed-el\9.0.55\tomcat-embed-el-9.0.55.jar;F:\repository\org\apache\tomcat\embed\tomcat-embed-websocket\9.0.55\tomcat-embed-websocket-9.0.55.jar;F:\repository\org\springframework\spring-web\5.3.13\spring-web-5.3.13.jar;F:\repository\org\springframework\spring-beans\5.3.13\spring-beans-5.3.13.jar;F:\repository\org\springframework\spring-webmvc\5.3.13\spring-webmvc-5.3.13.jar;F:\repository\org\springframework\spring-aop\5.3.13\spring-aop-5.3.13.jar;F:\repository\org\springframework\spring-context\5.3.13\spring-context-5.3.13.jar;F:\repository\org\springframework\spring-expression\5.3.13\spring-expression-5.3.13.jar;F:\repository\org\projectlombok\lombok\1.18.22\lombok-1.18.22.jar;F:\repository\org\springframework\boot\spring-boot-starter-test\2.6.1\spring-boot-starter-test-2.6.1.jar;F:\repository\org\springframework\boot\spring-boot-test\2.6.1\spring-boot-test-2.6.1.jar;F:\repository\org\springframework\boot\spring-boot-test-autoconfigure\2.6.1\spring-boot-test-autoconfigure-2.6.1.jar;F:\repository\com\jayway\jsonpath\json-path\2.6.0\json-path-2.6.0.jar;F:\repository\net\minidev\json-smart\2.4.7\json-smart-2.4.7.jar;F:\repository\net\minidev\accessors-smart\2.4.7\accessors-smart-2.4.7.jar;F:\repository\org\ow2\asm\asm\9.1\asm-9.1.jar;F:\repository\org\slf4j\slf4j-api\1.7.32\slf4j-api-1.7.32.jar;F:\repository\jakarta\xml\bind\jakarta.xml.bind-api\2.3.3\jakarta.xml.bind-api-2.3.3.jar;F:\repository\jakarta\activation\jakarta.activation-api\1.2.2\jakarta.activation-api-1.2.2.jar;F:\repository\org\assertj\assertj-core\3.21.0\assertj-core-3.21.0.jar;F:\repository\org\hamcrest\hamcrest\2.2\hamcrest-2.2.jar;F:\repository\org\junit\jupiter\junit-jupiter\5.8.1\junit-jupiter-5.8.1.jar;F:\repository\org\junit\jupiter\junit-jupiter-api\5.8.1\junit-jupiter-api-5.8.1.jar;F:\repository\org\opentest4j\opentest4j\1.2.0\opentest4j-1.2.0.jar;F:\repository\org\junit\platform\junit-platform-commons\1.8.1\junit-platform-commons-1.8.1.jar;F:\repository\org\apiguardian\apiguardian-api\1.1.2\apiguardian-api-1.1.2.jar;F:\repository\org\junit\jupiter\junit-jupiter-params\5.8.1\junit-jupiter-params-5.8.1.jar;F:\repository\org\junit\jupiter\junit-jupiter-engine\5.8.1\junit-jupiter-engine-5.8.1.jar;F:\repository\org\junit\platform\junit-platform-engine\1.8.1\junit-platform-engine-1.8.1.jar;F:\repository\org\mockito\mockito-core\4.0.0\mockito-core-4.0.0.jar;F:\repository\net\bytebuddy\byte-buddy\1.11.22\byte-buddy-1.11.22.jar;F:\repository\net\bytebuddy\byte-buddy-agent\1.11.22\byte-buddy-agent-1.11.22.jar;F:\repository\org\objenesis\objenesis\3.2\objenesis-3.2.jar;F:\repository\org\mockito\mockito-junit-jupiter\4.0.0\mockito-junit-jupiter-4.0.0.jar;F:\repository\org\skyscreamer\jsonassert\1.5.0\jsonassert-1.5.0.jar;F:\repository\com\vaadin\external\google\android-json\0.0.20131108.vaadin1\android-json-0.0.20131108.vaadin1.jar;F:\repository\org\springframework\spring-core\5.3.13\spring-core-5.3.13.jar;F:\repository\org\springframework\spring-jcl\5.3.13\spring-jcl-5.3.13.jar;F:\repository\org\springframework\spring-test\5.3.13\spring-test-5.3.13.jar;F:\repository\org\xmlunit\xmlunit-core\2.8.3\xmlunit-core-2.8.3.jar;F:\repository\org\springframework\boot\spring-boot-starter-redis\1.3.1.RELEASE\spring-boot-starter-redis-1.3.1.RELEASE.jar;F:\repository\org\springframework\data\spring-data-redis\2.6.0\spring-data-redis-2.6.0.jar;F:\repository\org\springframework\data\spring-data-keyvalue\2.6.0\spring-data-keyvalue-2.6.0.jar;F:\repository\org\springframework\data\spring-data-commons\2.6.0\spring-data-commons-2.6.0.jar;F:\repository\org\springframework\spring-tx\5.3.13\spring-tx-5.3.13.jar;F:\repository\org\springframework\spring-oxm\5.3.13\spring-oxm-5.3.13.jar;F:\repository\org\springframework\spring-context-support\5.3.13\spring-context-support-5.3.13.jar;F:\repository\redis\clients\jedis\3.7.0\jedis-3.7.0.jar;F:\repository\org\apache\commons\commons-pool2\2.11.1\commons-pool2-2.11.1.jar;F:\repository\mysql\mysql-connector-java\5.1.46\mysql-connector-java-5.1.46.jar;F:\repository\com\baomidou\mybatis-plus-boot-starter\3.4.2\mybatis-plus-boot-starter-3.4.2.jar;F:\repository\com\baomidou\mybatis-plus\3.4.2\mybatis-plus-3.4.2.jar;F:\repository\com\baomidou\mybatis-plus-extension\3.4.2\mybatis-plus-extension-3.4.2.jar;F:\repository\com\baomidou\mybatis-plus-core\3.4.2\mybatis-plus-core-3.4.2.jar;F:\repository\com\baomidou\mybatis-plus-annotation\3.4.2\mybatis-plus-annotation-3.4.2.jar;F:\repository\com\github\jsqlparser\jsqlparser\4.0\jsqlparser-4.0.jar;F:\repository\org\mybatis\mybatis\3.5.6\mybatis-3.5.6.jar;F:\repository\org\mybatis\mybatis-spring\2.0.5\mybatis-spring-2.0.5.jar;F:\repository\org\springframework\boot\spring-boot-autoconfigure\2.6.1\spring-boot-autoconfigure-2.6.1.jar;F:\repository\org\springframework\boot\spring-boot-starter-jdbc\2.6.1\spring-boot-starter-jdbc-2.6.1.jar;F:\repository\com\zaxxer\HikariCP\4.0.3\HikariCP-4.0.3.jar;F:\repository\org\springframework\spring-jdbc\5.3.13\spring-jdbc-5.3.13.jar;F:\repository\junit\junit\4.13.2\junit-4.13.2.jar;F:\repository\org\hamcrest\hamcrest-core\2.2\hamcrest-core-2.2.jar;"/>
    <property name="sun.cpu.endian" value="little"/>
    <property name="user.home" value="C:\Users\1"/>
    <property name="user.language" value="zh"/>
    <property name="java.specification.vendor" value="Oracle Corporation"/>
    <property name="java.home" value="C:\Program Files\Java\jdk1.8.0_131\jre"/>
    <property name="basedir" value="F:\gitProject\MY_PROJECT"/>
    <property name="file.separator" value="\"/>
    <property name="line.separator" value="&#10;"/>
    <property name="java.vm.specification.vendor" value="Oracle Corporation"/>
    <property name="java.specification.name" value="Java Platform API Specification"/>
    <property name="java.awt.graphicsenv" value="sun.awt.Win32GraphicsEnvironment"/>
    <property name="surefire.real.class.path" value="C:\Users\1\AppData\Local\Temp\surefire1703089334227072896\surefirebooter4191976461821173031.jar"/>
    <property name="sun.boot.class.path" value="C:\Program Files\Java\jdk1.8.0_131\jre\lib\resources.jar;C:\Program Files\Java\jdk1.8.0_131\jre\lib\rt.jar;C:\Program Files\Java\jdk1.8.0_131\jre\lib\sunrsasign.jar;C:\Program Files\Java\jdk1.8.0_131\jre\lib\jsse.jar;C:\Program Files\Java\jdk1.8.0_131\jre\lib\jce.jar;C:\Program Files\Java\jdk1.8.0_131\jre\lib\charsets.jar;C:\Program Files\Java\jdk1.8.0_131\jre\lib\jfr.jar;C:\Program Files\Java\jdk1.8.0_131\jre\classes"/>
    <property name="user.script" value=""/>
    <property name="sun.management.compiler" value="HotSpot 64-Bit Tiered Compilers"/>
    <property name="java.runtime.version" value="1.8.0_131-b11"/>
    <property name="user.name" value="1"/>
    <property name="path.separator" value=";"/>
    <property name="os.version" value="10.0"/>
    <property name="java.endorsed.dirs" value="C:\Program Files\Java\jdk1.8.0_131\jre\lib\endorsed"/>
    <property name="java.runtime.name" value="Java(TM) SE Runtime Environment"/>
    <property name="file.encoding" value="GBK"/>
    <property name="java.vm.name" value="Java HotSpot(TM) 64-Bit Server VM"/>
    <property name="localRepository" value="F:\repository"/>
    <property name="java.vendor.url.bug" value="http://bugreport.sun.com/bugreport/"/>
    <property name="java.io.tmpdir" value="C:\Users\1\AppData\Local\Temp\"/>
    <property name="idea.version" value="2021.2.2"/>
    <property name="java.version" value="1.8.0_131"/>
    <property name="user.dir" value="F:\gitProject\MY_PROJECT"/>
    <property name="os.arch" value="amd64"/>
    <property name="java.vm.specification.name" value="Java Virtual Machine Specification"/>
    <property name="java.awt.printerjob" value="sun.awt.windows.WPrinterJob"/>
    <property name="sun.os.patch.level" value=""/>
    <property name="java.library.path" value="C:\Program Files\Java\jdk1.8.0_131\jre\bin;C:\Windows\Sun\Java\bin;C:\Windows\system32;C:\Windows;C:\ProgramData\Oracle\Java\javapath;C:\Windows\system32;C:\Windows;C:\Windows\System32\Wbem;C:\Windows\System32\WindowsPowerShell\v1.0\;C:\Windows\System32\OpenSSH\;F:\SVN\bin;C:\Program Files\Java\jdk1.8.0_131\bin\;F:\maven\apache-maven-3.5.4\bin\;F:\tool\instantclient_19_5;F:\Git\cmd;C:\Users\1\AppData\Local\Microsoft\WindowsApps;;."/>
    <property name="java.vm.info" value="mixed mode"/>
    <property name="java.vendor" value="Oracle Corporation"/>
    <property name="java.vm.version" value="25.131-b11"/>
    <property name="java.ext.dirs" value="C:\Program Files\Java\jdk1.8.0_131\jre\lib\ext;C:\Windows\Sun\Java\lib\ext"/>
    <property name="sun.io.unicode.encoding" value="UnicodeLittle"/>
    <property name="maven.repo.local" value="F:\repository"/>
    <property name="java.class.version" value="52.0"/>
  </properties>
  <testcase name="testSelect" classname="com.example.myproject.SampleTest" time="0.867"/>
</testsuite>